\BOOKMARK [1][-]{section.1}{\376\377\000T\000r\000a\000f\000f\000i\000c\000\040\000M\000a\000n\000a\000g\000e\000m\000e\000n\000t\000\040\000O\000p\000t\000i\000m\000i\000z\000a\000t\000i\000o\000n\000\040\000U\000s\000i\000n\000g\000\040\000M\000u\000l\000t\000i\000-\000O\000b\000j\000e\000c\000t\000i\000v\000e\000\040\000E\000v\000o\000l\000u\000t\000i\000o\000n\000a\000r\000y\000\040\000A\000l\000g\000o\000r\000i\000t\000h\000m\000s}{}% 1
\BOOKMARK [2][-]{subsection.1.1}{\376\377\000D\000a\000t\000a\000\040\000E\000x\000p\000l\000o\000r\000a\000t\000i\000o\000n\000\040\000a\000n\000d\000\040\000P\000r\000e\000p\000r\000o\000c\000e\000s\000s\000i\000n\000g}{section.1}% 2
\BOOKMARK [2][-]{subsection.1.2}{\376\377\000F\000u\000e\000l\000\040\000C\000o\000n\000s\000u\000m\000p\000t\000i\000o\000n\000\040\000C\000a\000l\000c\000u\000l\000a\000t\000i\000o\000n}{section.1}% 3
\BOOKMARK [2][-]{subsection.1.3}{\376\377\000F\000o\000r\000m\000u\000l\000a\000t\000e\000\040\000t\000h\000e\000\040\000O\000p\000t\000i\000m\000i\000z\000a\000t\000i\000o\000n\000\040\000P\000r\000o\000b\000l\000e\000m}{section.1}% 4
\BOOKMARK [2][-]{subsection.1.4}{\376\377\000I\000m\000p\000l\000e\000m\000e\000n\000t\000\040\000t\000h\000e\000\040\000M\000O\000E\000A\000\040\000u\000s\000i\000n\000g\000\040\000G\000e\000n\000e\000t\000i\000c\000\040\000A\000l\000g\000o\000r\000i\000t\000h\000m}{section.1}% 5
\BOOKMARK [3][-]{subsubsection.1.4.1}{\376\377\000I\000n\000i\000t\000i\000a\000l\000i\000z\000a\000t\000i\000o\000n}{subsection.1.4}% 6
\BOOKMARK [3][-]{subsubsection.1.4.2}{\376\377\000O\000b\000j\000e\000c\000t\000i\000v\000e\000\040\000F\000u\000n\000c\000t\000i\000o\000n}{subsection.1.4}% 7
\BOOKMARK [3][-]{subsubsection.1.4.3}{\376\377\000F\000i\000t\000n\000e\000s\000s\000\040\000E\000v\000a\000l\000u\000a\000t\000i\000o\000n}{subsection.1.4}% 8
\BOOKMARK [3][-]{subsubsection.1.4.4}{\376\377\000S\000e\000l\000e\000c\000t\000i\000o\000n}{subsection.1.4}% 9
\BOOKMARK [3][-]{subsubsection.1.4.5}{\376\377\000C\000r\000o\000s\000s\000o\000v\000e\000r}{subsection.1.4}% 10
\BOOKMARK [3][-]{subsubsection.1.4.6}{\376\377\000M\000u\000t\000a\000t\000i\000o\000n}{subsection.1.4}% 11
\BOOKMARK [3][-]{subsubsection.1.4.7}{\376\377\000R\000e\000p\000l\000a\000c\000e\000m\000e\000n\000t}{subsection.1.4}% 12
\BOOKMARK [3][-]{subsubsection.1.4.8}{\376\377\000T\000e\000r\000m\000i\000n\000a\000t\000i\000o\000n\000\040\000a\000n\000d\000\040\000P\000a\000r\000e\000t\000o\000\040\000F\000r\000o\000n\000t}{subsection.1.4}% 13
\BOOKMARK [1][-]{section.2}{\376\377\000C\000o\000m\000p\000a\000r\000a\000t\000i\000v\000e\000\040\000A\000n\000a\000l\000y\000s\000i\000s\000\040\000o\000f\000\040\000E\000v\000o\000l\000u\000t\000i\000o\000n\000a\000r\000y\000\040\000P\000r\000o\000g\000r\000a\000m\000m\000i\000n\000g\000\040\000a\000n\000d\000\040\000E\000v\000o\000l\000u\000t\000i\000o\000n\000a\000r\000y\000\040\000S\000t\000r\000a\000t\000e\000g\000i\000e\000s\000\040\000f\000o\000r\000\040\000P\000o\000r\000t\000f\000o\000l\000i\000o\000\040\000O\000p\000t\000i\000m\000i\000z\000a\000t\000i\000o\000n}{}% 14
\BOOKMARK [2][-]{subsection.2.1}{\376\377\000D\000a\000t\000a\000\040\000R\000e\000q\000u\000i\000r\000e\000m\000e\000n\000t\000s}{section.2}% 15
\BOOKMARK [1][-]{section.3}{\376\377\000S\000o\000l\000v\000i\000n\000g\000\040\000t\000h\000e\000\040\000V\000e\000h\000i\000c\000l\000e\000\040\000R\000o\000u\000t\000i\000n\000g\000\040\000P\000r\000o\000b\000l\000e\000m\000\040\000w\000i\000t\000h\000\040\000T\000i\000m\000e\000\040\000W\000i\000n\000d\000o\000w\000s\000\040\000\050\000V\000R\000P\000T\000W\000\051\000\040\000U\000s\000i\000n\000g\000\040\000A\000n\000t\000\040\000C\000o\000l\000o\000n\000y\000\040\000O\000p\000t\000i\000m\000i\000z\000a\000t\000i\000o\000n\000\040\000\050\000A\000C\000O\000\051\000\040\000a\000n\000d\000\040\000P\000a\000r\000t\000i\000c\000l\000e\000\040\000S\000w\000a\000r\000m\000\040\000O\000p\000t\000i\000m\000i\000z\000a\000t\000i\000o\000n\000\040\000\050\000P\000S\000O\000\051}{}% 16
\BOOKMARK [2][-]{subsection.3.1}{\376\377\000D\000a\000t\000a\000\040\000E\000x\000p\000l\000o\000r\000a\000t\000i\000o\000n\000,\000\040\000a\000n\000d\000\040\000p\000r\000e\000\040\000p\000r\000o\000c\000e\000s\000s\000i\000n\000g}{section.3}% 17
\BOOKMARK [2][-]{subsection.3.2}{\376\377\000P\000r\000o\000b\000l\000e\000m\000\040\000F\000o\000r\000m\000u\000l\000a\000t\000i\000o\000n}{section.3}% 18
\BOOKMARK [3][-]{subsubsection.3.2.1}{\376\377\000A\000.\000\040\000D\000e\000f\000i\000n\000e\000\040\000t\000h\000e\000\040\000V\000R\000P\000T\000W\000\040\000f\000o\000r\000\040\000t\000h\000e\000\040\000c\000h\000o\000s\000e\000n\000\040\000d\000a\000t\000a\000s\000e\000t}{subsection.3.2}% 19
\BOOKMARK [3][-]{subsubsection.3.2.2}{\376\377\000B\000.\000\040\000F\000o\000r\000m\000u\000l\000a\000t\000e\000\040\000t\000h\000e\000\040\000o\000b\000j\000e\000c\000t\000i\000v\000e\000\040\000f\000u\000n\000c\000t\000i\000o\000n\000\040\000t\000h\000a\000t\000\040\000m\000i\000n\000i\000m\000i\000z\000e\000s\000\040\000t\000o\000t\000a\000l\000\040\000t\000r\000a\000v\000e\000l\000\040\000d\000i\000s\000t\000a\000n\000c\000e\000\040\000w\000h\000i\000l\000e\000\040\000p\000e\000n\000a\000l\000i\000z\000i\000n\000g\000\040\000v\000i\000o\000l\000a\000t\000i\000o\000n\000s\000\040\000o\000f\000\040\000t\000i\000m\000e\000\040\000w\000i\000n\000d\000o\000w\000s}{subsection.3.2}% 20
\BOOKMARK [2][-]{subsection.3.3}{\376\377\000A\000l\000g\000o\000r\000i\000t\000h\000m\000\040\000I\000m\000p\000l\000e\000m\000e\000n\000t\000a\000t\000i\000o\000n}{section.3}% 21
\BOOKMARK [3][-]{subsubsection.3.3.1}{\376\377\000A\000.\000\040\000I\000m\000p\000l\000e\000m\000e\000n\000t\000\040\000A\000C\000O}{subsection.3.3}% 22
\BOOKMARK [3][-]{subsubsection.3.3.2}{\376\377\000B\000.\000\040\000I\000m\000p\000l\000e\000m\000e\000n\000t\000\040\000P\000S\000O}{subsection.3.3}% 23
\BOOKMARK [3][-]{subsubsection.3.3.3}{\376\377\000I\000n\000c\000o\000r\000p\000o\000r\000a\000t\000e\000\040\000h\000e\000u\000r\000i\000s\000t\000i\000c\000\040\000a\000n\000d\000\040\000p\000e\000n\000a\000l\000t\000y\000\040\000m\000e\000c\000h\000a\000n\000i\000s\000m\000s\000\040}{subsection.3.3}% 24
\BOOKMARK [2][-]{subsection.3.4}{\376\377\000P\000e\000r\000f\000o\000r\000m\000a\000n\000c\000e\000\040\000E\000v\000a\000l\000u\000a\000t\000i\000o\000n}{section.3}% 25
\BOOKMARK [3][-]{subsubsection.3.4.1}{\376\377\000R\000e\000s\000u\000l\000t\000s}{subsection.3.4}% 26
\BOOKMARK [1][-]{section.4}{\376\377\000T\000a\000s\000k\000\040\0004}{}% 27
\BOOKMARK [1][-]{section.5}{\376\377\000R\000e\000f\000r\000e\000n\000c\000e\000s}{}% 28
